build/app/intermediates/manifest_merge_blame_file/release/manifest-merger-blame-release-report.txt
1<?xml version="1.0" encoding="utf-8"?>
2<manifest xmlns:android="http://schemas.android.com/apk/res/android"
3    package="com.btkit.nakshatra_vatika"
4    android:versionCode="1"
5    android:versionName="1.0.0" >
6
7    <uses-sdk
8        android:minSdkVersion="21"
8-->src\main\AndroidManifest.xml
9        android:targetSdkVersion="33" />
9-->src\main\AndroidManifest.xml
10
11    <uses-permission android:name="android.permission.INTERNET" />
11-->src\main\AndroidManifest.xml:3:5-67
11-->src\main\AndroidManifest.xml:3:22-64
12
13    <application
14        android:name="android.app.Application"
14-->src\main\AndroidManifest.xml:7:9-42
15        android:appComponentFactory="androidx.core.app.CoreComponentFactory"
15-->[androidx.core:core:1.6.0] AndroidManifest.xml:24:18-86
16        android:icon="@mipmap/ic_launcher"
16-->src\main\AndroidManifest.xml:8:9-43
17        android:label="Nakshatra Vatika - Virtual Tour" >
17-->src\main\AndroidManifest.xml:6:9-56
18        <activity
18-->src\main\AndroidManifest.xml:9:9-26:20
19            android:name="com.btkit.nakshatra_vatika.MainActivity"
19-->src\main\AndroidManifest.xml:10:13-41
20            android:configChanges="orientation|keyboardHidden|keyboard|screenSize|smallestScreenSize|locale|layoutDirection|fontScale|screenLayout|density|uiMode"
20-->src\main\AndroidManifest.xml:14:13-163
21            android:exported="true"
21-->src\main\AndroidManifest.xml:11:13-36
22            android:hardwareAccelerated="true"
22-->src\main\AndroidManifest.xml:15:13-47
23            android:launchMode="singleTop"
23-->src\main\AndroidManifest.xml:12:13-43
24            android:theme="@style/LaunchTheme"
24-->src\main\AndroidManifest.xml:13:13-47
25            android:windowSoftInputMode="adjustResize" >
25-->src\main\AndroidManifest.xml:16:13-55
26            <meta-data
26-->src\main\AndroidManifest.xml:18:13-21:17
27                android:name="io.flutter.embedding.android.NormalTheme"
27-->src\main\AndroidManifest.xml:19:15-70
28                android:resource="@style/NormalTheme" />
28-->src\main\AndroidManifest.xml:20:15-52
29
30            <intent-filter>
30-->src\main\AndroidManifest.xml:22:13-25:29
31                <action android:name="android.intent.action.MAIN" />
31-->src\main\AndroidManifest.xml:23:17-68
31-->src\main\AndroidManifest.xml:23:25-66
32
33                <category android:name="android.intent.category.LAUNCHER" />
33-->src\main\AndroidManifest.xml:24:17-76
33-->src\main\AndroidManifest.xml:24:27-74
34            </intent-filter>
35        </activity>
36        <!--
37             Don't delete the meta-data below.
38             This is used by the Flutter tool to generate GeneratedPluginRegistrant.java
39        -->
40        <meta-data
40-->src\main\AndroidManifest.xml:29:9-31:33
41            android:name="flutterEmbedding"
41-->src\main\AndroidManifest.xml:30:13-44
42            android:value="2" />
42-->src\main\AndroidManifest.xml:31:13-30
43
44        <uses-library
44-->[androidx.window:window:1.0.0-beta04] AndroidManifest.xml:25:9-27:40
45            android:name="androidx.window.extensions"
45-->[androidx.window:window:1.0.0-beta04] AndroidManifest.xml:26:13-54
46            android:required="false" />
46-->[androidx.window:window:1.0.0-beta04] AndroidManifest.xml:27:13-37
47        <uses-library
47-->[androidx.window:window:1.0.0-beta04] AndroidManifest.xml:28:9-30:40
48            android:name="androidx.window.sidecar"
48-->[androidx.window:window:1.0.0-beta04] AndroidManifest.xml:29:13-51
49            android:required="false" />
49-->[androidx.window:window:1.0.0-beta04] AndroidManifest.xml:30:13-37
50    </application>
51
52</manifest>